WARNING:root:Atento.!!
INFO:root:Te lo dije.!!
WARNING:root:Atento.!!
INFO:root:Te lo dije.!!
INFO:__main__:This is an info message
INFO:__main__:Hola
WARNING:root:Atento.!!
INFO:root:Te lo dije.!!
WARNING:root:Atento.!!
INFO:root:Te lo dije.!!
INFO:__main__:This is an info message
INFO:__main__:Hola
WARNING:root:Atento.!!
INFO:root:Te lo dije.!!
WARNING:root:Atento.!!
INFO:root:Te lo dije.!!
INFO:__main__:This is an info message
INFO:__main__:Testing
INFO:__main__:Hola
WARNING:root:Atento.!!
INFO:root:Te lo dije.!!
WARNING:root:Atento.!!
INFO:root:Te lo dije.!!
INFO:__main__:This is an info message
INFO:__main__:Testing
INFO:__main__:Hola
WARNING:root:Atento.!!
INFO:root:Te lo dije.!!
WARNING:root:Atento.!!
INFO:root:Te lo dije.!!
INFO:__main__:This is an info message
INFO:__main__:Testing
INFO:__main__:Hola
WARNING:root:Atento.!!
INFO:root:Te lo dije.!!
WARNING:root:Atento.!!
INFO:root:Te lo dije.!!
INFO:root:This is an info message
INFO:root:Testing
INFO:root:Hola
WARNING:root:Atento.!!
INFO:root:Te lo dije.!!
WARNING:root:Atento.!!
INFO:root:Te lo dije.!!
